<?xml version="1.0" encoding="UTF-8" ?>
<testsuite errors="0" failures="0" hostname="batintope" name="br.edu.ufcg.msnlab.MethodsAutomatedTest" tests="6" time="4.829" timestamp="2009-02-03T08:04:23">
  <properties>
    <property name="java.vendor" value="Sun Microsystems Inc." />
    <property name="sun.java.launcher" value="SUN_STANDARD" />
    <property name="sun.management.compiler" value="HotSpot Client Compiler" />
    <property name="project.docs.reports.teste" value="./docs/report/testes" />
    <property name="os.name" value="Linux" />
    <property name="sun.boot.class.path" value="/usr/lib/jvm/java-6-sun-1.6.0.10/jre/lib/resources.jar:/usr/lib/jvm/java-6-sun-1.6.0.10/jre/lib/rt.jar:/usr/lib/jvm/java-6-sun-1.6.0.10/jre/lib/sunrsasign.jar:/usr/lib/jvm/java-6-sun-1.6.0.10/jre/lib/jsse.jar:/usr/lib/jvm/java-6-sun-1.6.0.10/jre/lib/jce.jar:/usr/lib/jvm/java-6-sun-1.6.0.10/jre/lib/charsets.jar:/usr/lib/jvm/java-6-sun-1.6.0.10/jre/classes" />
    <property name="project.jar" value="./release/MSN-Sistemas-Lineares-0.1.jar" />
    <property name="java.vm.specification.vendor" value="Sun Microsystems Inc." />
    <property name="net.sourceforge.cobertura.datafile" value="/home/matheusgr/workspace/MSN/cobertura.ser" />
    <property name="ant.home" value="/usr/share/ant" />
    <property name="java.runtime.version" value="1.6.0_10-b33" />
    <property name="project.src" value="./src" />
    <property name="ant.file.MSNLab" value="/home/matheusgr/workspace/MSN/build.xml" />
    <property name="cobertura.dir" value="./cobertura-1.9" />
    <property name="user.name" value="matheusgr" />
    <property name="project.class-teste" value="./bin-teste" />
    <property name="user.language" value="en" />
    <property name="sun.boot.library.path" value="/usr/lib/jvm/java-6-sun-1.6.0.10/jre/lib/i386" />
    <property name="project.main" value="br.edu.ufcg.msnlab.gui.MSNLab" />
    <property name="project.classpath" value="./bin:./bin-teste:./lib/junit-3.8.2.jar:./lib/Jama-1.0.2.jar" />
    <property name="ant.project.name" value="MSNLab" />
    <property name="java.version" value="1.6.0_10" />
    <property name="user.timezone" value="" />
    <property name="sun.arch.data.model" value="32" />
    <property name="java.endorsed.dirs" value="/usr/lib/jvm/java-6-sun-1.6.0.10/jre/lib/endorsed" />
    <property name="sun.cpu.isalist" value="" />
    <property name="sun.jnu.encoding" value="ANSI_X3.4-1968" />
    <property name="file.encoding.pkg" value="sun.io" />
    <property name="project.src-teste" value="./tests" />
    <property name="file.separator" value="/" />
    <property name="java.specification.name" value="Java Platform API Specification" />
    <property name="project.docs.reports.cobertura" value="./docs/report/cobertura" />
    <property name="java.class.version" value="50.0" />
    <property name="user.country" value="US" />
    <property name="java.home" value="/usr/lib/jvm/java-6-sun-1.6.0.10/jre" />
    <property name="project.base" value="." />
    <property name="java.vm.info" value="mixed mode, sharing" />
    <property name="ant.file" value="/home/matheusgr/workspace/MSN/build.xml" />
    <property name="os.version" value="2.6.28" />
    <property name="project.class" value="./bin" />
    <property name="jama.jar" value="./lib/Jama-1.0.2.jar" />
    <property name="path.separator" value=":" />
    <property name="java.vm.version" value="11.0-b15" />
    <property name="project.class-instr" value="./bin-instr" />
    <property name="ant.library.dir" value="/usr/share/ant/lib" />
    <property name="java.awt.printerjob" value="sun.print.PSPrinterJob" />
    <property name="sun.io.unicode.encoding" value="UnicodeLittle" />
    <property name="project.docs" value="./docs" />
    <property name="user.home" value="/home/matheusgr" />
    <property name="java.specification.vendor" value="Sun Microsystems Inc." />
    <property name="java.library.path" value="/usr/lib/jvm/java-6-sun-1.6.0.10/jre/lib/i386/client:/usr/lib/jvm/java-6-sun-1.6.0.10/jre/lib/i386:/usr/lib/jvm/java-6-sun-1.6.0.10/jre/../lib/i386:/usr/java/packages/lib/i386:/lib:/usr/lib" />
    <property name="java.vendor.url" value="http://java.sun.com/" />
    <property name="java.vm.vendor" value="Sun Microsystems Inc." />
    <property name="java.runtime.name" value="Java(TM) SE Runtime Environment" />
    <property name="java.class.path" value="/home/matheusgr/workspace/MSN/bin-instr:/home/matheusgr/workspace/MSN/bin:/home/matheusgr/workspace/MSN/bin-teste:/home/matheusgr/workspace/MSN/lib/junit-3.8.2.jar:/home/matheusgr/workspace/MSN/lib/Jama-1.0.2.jar:/home/matheusgr/workspace/MSN/cobertura-1.9/cobertura.jar:/home/matheusgr/workspace/MSN/cobertura-1.9/lib/asm-2.2.1.jar:/home/matheusgr/workspace/MSN/cobertura-1.9/lib/asm-tree-2.2.1.jar:/home/matheusgr/workspace/MSN/cobertura-1.9/lib/jakarta-oro-2.0.8.jar:/home/matheusgr/workspace/MSN/cobertura-1.9/lib/log4j-1.2.9.jar:/usr/share/ant/lib/junit.jar:/usr/share/ant/lib/ant-launcher.jar:/usr/share/ant/lib/ant.jar:/usr/share/ant/lib/ant-junit.jar" />
    <property name="ant.version" value="Apache Ant version 1.7.0 compiled on April 29 2008" />
    <property name="project.version" value="0.1" />
    <property name="project.name" value="MSN-Sistemas-Lineares" />
    <property name="java.vm.specification.name" value="Java Virtual Machine Specification" />
    <property name="java.vm.specification.version" value="1.0" />
    <property name="junit.jar" value="./lib/junit-3.8.2.jar" />
    <property name="sun.cpu.endian" value="little" />
    <property name="sun.os.patch.level" value="unknown" />
    <property name="java.io.tmpdir" value="/tmp" />
    <property name="java.vendor.url.bug" value="http://java.sun.com/cgi-bin/bugreport.cgi" />
    <property name="project.docs.reports" value="./docs/report" />
    <property name="os.arch" value="i386" />
    <property name="java.awt.graphicsenv" value="sun.awt.X11GraphicsEnvironment" />
    <property name="java.ext.dirs" value="/usr/lib/jvm/java-6-sun-1.6.0.10/jre/lib/ext:/usr/java/packages/lib/ext" />
    <property name="user.dir" value="/home/matheusgr/workspace/MSN" />
    <property name="project.lib" value="./lib" />
    <property name="project.release" value="./release" />
    <property name="line.separator" value="
" />
    <property name="java.vm.name" value="Java HotSpot(TM) Client VM" />
    <property name="basedir" value="/home/matheusgr/workspace/MSN" />
    <property name="ant.java.version" value="1.6" />
    <property name="ant.core.lib" value="/usr/share/ant/lib/ant.jar" />
    <property name="file.encoding" value="ANSI_X3.4-1968" />
    <property name="project.docs.api" value="./docs/api" />
    <property name="java.specification.version" value="1.6" />
  </properties>
  <testcase classname="br.edu.ufcg.msnlab.MethodsAutomatedTest" name="test3Variables100OperationsLarge10Times" time="0.57" />
  <testcase classname="br.edu.ufcg.msnlab.MethodsAutomatedTest" name="test3Variables100Operations10Times" time="0.253" />
  <testcase classname="br.edu.ufcg.msnlab.MethodsAutomatedTest" name="test5Variables100Operations3Times" time="0.879" />
  <testcase classname="br.edu.ufcg.msnlab.MethodsAutomatedTest" name="test1Variables10Operations10Times" time="0.041" />
  <testcase classname="br.edu.ufcg.msnlab.MethodsAutomatedTest" name="test3Variables0Operations10Times" time="0.079" />
  <testcase classname="br.edu.ufcg.msnlab.MethodsAutomatedTest" name="testGaussAndJordan3Variables0Operations10Times" time="0.044" />
  <system-out><![CDATA[]]></system-out>
  <system-err><![CDATA[]]></system-err>
</testsuite>
